# JRE version: OpenJDK Runtime Environment (21.0.8) (build 21.0.8+-14196175-b1038.72)
# Java VM: OpenJDK 64-Bit Server VM (21.0.8+-14196175-b1038.72, mixed mode, tiered, compressed oops, compressed class ptrs, g1 gc, windows-amd64)
GC Precious Log:
 CardTable entry size: 512
 Card Set container configuration: InlinePtr #cards 5 size 8 Array Of Cards #cards 12 size 40 Howl #buckets 4 coarsen threshold 1843 Howl Bitmap #cards 512 size 80 coarsen threshold 460 Card regions per heap region 1 cards per card region 2048
 CPUs: 4 total, 4 available
 Memory: 6094M
 Large Page Support: Disabled
 NUMA Support: Disabled
 Compressed Oops: Enabled (32-bit)
 Heap Region Size: 1M
 Heap Min Capacity: 8M
 Heap Initial Capacity: 96M
 Heap Max Capacity: 2G
 Pre-touch: Disabled
 Parallel Workers: 4
 Concurrent Workers: 1
 Concurrent Refinement Workers: 4
 Periodic GC: Disabled
Heap:
 garbage-first heap   total 117760K, used 91674K [0x0000000080000000, 0x0000000100000000)
  region size 1024K, 23 young (23552K), 2 survivors (2048K)
 Metaspace       used 81741K, committed 83584K, reserved 1179648K
  class space    used 11413K, committed 12288K, reserved 1048576K
GC Heap History (20 events):
Event: 27.993 GC heap before
{Heap before GC invocations=17 (full 0):
 garbage-first heap   total 82944K, used 75302K [0x0000000080000000, 0x0000000100000000)
  region size 1024K, 32 young (32768K), 2 survivors (2048K)
 Metaspace       used 66644K, committed 68288K, reserved 1114112K
  class space    used 9365K, committed 10176K, reserved 1048576K
}
Event: 28.000 GC heap after
{Heap after GC invocations=18 (full 0):
 garbage-first heap   total 82944K, used 46310K [0x0000000080000000, 0x0000000100000000)
  region size 1024K, 4 young (4096K), 4 survivors (4096K)
 Metaspace       used 66644K, committed 68288K, reserved 1114112K
  class space    used 9365K, committed 10176K, reserved 1048576K
}
Event: 29.315 GC heap before
{Heap before GC invocations=19 (full 0):
 garbage-first heap   total 82944K, used 72934K [0x0000000080000000, 0x0000000100000000)
  region size 1024K, 30 young (30720K), 4 survivors (4096K)
 Metaspace       used 70044K, committed 71744K, reserved 1114112K
  class space    used 9928K, committed 10752K, reserved 1048576K
}
Event: 29.327 GC heap after
{Heap after GC invocations=20 (full 0):
 garbage-first heap   total 82944K, used 47319K [0x0000000080000000, 0x0000000100000000)
  region size 1024K, 3 young (3072K), 3 survivors (3072K)
 Metaspace       used 70044K, committed 71744K, reserved 1114112K
  class space    used 9928K, committed 10752K, reserved 1048576K
}
Event: 31.822 GC heap before
{Heap before GC invocations=20 (full 0):
 garbage-first heap   total 82944K, used 73943K [0x0000000080000000, 0x0000000100000000)
  region size 1024K, 29 young (29696K), 3 survivors (3072K)
 Metaspace       used 72130K, committed 73792K, reserved 1114112K
  class space    used 10202K, committed 11008K, reserved 1048576K
}
Event: 31.845 GC heap after
{Heap after GC invocations=21 (full 0):
 garbage-first heap   total 100352K, used 50120K [0x0000000080000000, 0x0000000100000000)
  region size 1024K, 4 young (4096K), 4 survivors (4096K)
 Metaspace       used 72130K, committed 73792K, reserved 1114112K
  class space    used 10202K, committed 11008K, reserved 1048576K
}
Event: 34.433 GC heap before
{Heap before GC invocations=21 (full 0):
 garbage-first heap   total 100352K, used 89032K [0x0000000080000000, 0x0000000100000000)
  region size 1024K, 43 young (44032K), 4 survivors (4096K)
 Metaspace       used 72611K, committed 74304K, reserved 1114112K
  class space    used 10205K, committed 11008K, reserved 1048576K
}
Event: 34.455 GC heap after
{Heap after GC invocations=22 (full 0):
 garbage-first heap   total 100352K, used 53569K [0x0000000080000000, 0x0000000100000000)
  region size 1024K, 6 young (6144K), 6 survivors (6144K)
 Metaspace       used 72611K, committed 74304K, reserved 1114112K
  class space    used 10205K, committed 11008K, reserved 1048576K
}
Event: 36.696 GC heap before
{Heap before GC invocations=22 (full 0):
 garbage-first heap   total 100352K, used 86337K [0x0000000080000000, 0x0000000100000000)
  region size 1024K, 39 young (39936K), 6 survivors (6144K)
 Metaspace       used 72760K, committed 74496K, reserved 1114112K
  class space    used 10205K, committed 11008K, reserved 1048576K
}
Event: 36.709 GC heap after
{Heap after GC invocations=23 (full 0):
 garbage-first heap   total 100352K, used 55527K [0x0000000080000000, 0x0000000100000000)
  region size 1024K, 4 young (4096K), 4 survivors (4096K)
 Metaspace       used 72760K, committed 74496K, reserved 1114112K
  class space    used 10205K, committed 11008K, reserved 1048576K
}
Event: 37.601 GC heap before
{Heap before GC invocations=23 (full 0):
 garbage-first heap   total 100352K, used 88295K [0x0000000080000000, 0x0000000100000000)
  region size 1024K, 37 young (37888K), 4 survivors (4096K)
 Metaspace       used 72767K, committed 74496K, reserved 1114112K
  class space    used 10205K, committed 11008K, reserved 1048576K
}
Event: 37.608 GC heap after
{Heap after GC invocations=24 (full 0):
 garbage-first heap   total 100352K, used 55983K [0x0000000080000000, 0x0000000100000000)
  region size 1024K, 4 young (4096K), 4 survivors (4096K)
 Metaspace       used 72767K, committed 74496K, reserved 1114112K
  class space    used 10205K, committed 11008K, reserved 1048576K
}
Event: 39.126 GC heap before
{Heap before GC invocations=25 (full 0):
 garbage-first heap   total 100352K, used 90799K [0x0000000080000000, 0x0000000100000000)
  region size 1024K, 36 young (36864K), 4 survivors (4096K)
 Metaspace       used 73164K, committed 74880K, reserved 1114112K
  class space    used 10264K, committed 11072K, reserved 1048576K
}
Event: 39.136 GC heap after
{Heap after GC invocations=26 (full 0):
 garbage-first heap   total 101376K, used 64003K [0x0000000080000000, 0x0000000100000000)
  region size 1024K, 5 young (5120K), 5 survivors (5120K)
 Metaspace       used 73164K, committed 74880K, reserved 1114112K
  class space    used 10264K, committed 11072K, reserved 1048576K
}
Event: 39.882 GC heap before
{Heap before GC invocations=26 (full 0):
 garbage-first heap   total 101376K, used 92675K [0x0000000080000000, 0x0000000100000000)
  region size 1024K, 30 young (30720K), 5 survivors (5120K)
 Metaspace       used 74824K, committed 76608K, reserved 1179648K
  class space    used 10463K, committed 11328K, reserved 1048576K
}
Event: 39.892 GC heap after
{Heap after GC invocations=27 (full 0):
 garbage-first heap   total 104448K, used 69894K [0x0000000080000000, 0x0000000100000000)
  region size 1024K, 4 young (4096K), 4 survivors (4096K)
 Metaspace       used 74824K, committed 76608K, reserved 1179648K
  class space    used 10463K, committed 11328K, reserved 1048576K
}
Event: 40.819 GC heap before
{Heap before GC invocations=27 (full 0):
 garbage-first heap   total 104448K, used 92422K [0x0000000080000000, 0x0000000100000000)
  region size 1024K, 27 young (27648K), 4 survivors (4096K)
 Metaspace       used 76898K, committed 78656K, reserved 1179648K
  class space    used 10738K, committed 11584K, reserved 1048576K
}
Event: 40.829 GC heap after
{Heap after GC invocations=28 (full 0):
 garbage-first heap   total 104448K, used 70592K [0x0000000080000000, 0x0000000100000000)
  region size 1024K, 1 young (1024K), 1 survivors (1024K)
 Metaspace       used 76898K, committed 78656K, reserved 1179648K
  class space    used 10738K, committed 11584K, reserved 1048576K
}
Event: 41.727 GC heap before
{Heap before GC invocations=29 (full 0):
 garbage-first heap   total 117760K, used 94144K [0x0000000080000000, 0x0000000100000000)
  region size 1024K, 25 young (25600K), 1 survivors (1024K)
 Metaspace       used 79541K, committed 81344K, reserved 1179648K
  class space    used 11034K, committed 11904K, reserved 1048576K
}
Event: 41.733 GC heap after
{Heap after GC invocations=30 (full 0):
 garbage-first heap   total 117760K, used 71194K [0x0000000080000000, 0x0000000100000000)
  region size 1024K, 2 young (2048K), 2 survivors (2048K)
 Metaspace       used 79541K, committed 81344K, reserved 1179648K
  class space    used 11034K, committed 11904K, reserved 1048576K
}

