# JRE version: OpenJDK Runtime Environment (21.0.8) (build 21.0.8+-14196175-b1038.72)
# Java VM: OpenJDK 64-Bit Server VM (21.0.8+-14196175-b1038.72, mixed mode, tiered, compressed oops, compressed class ptrs, g1 gc, windows-amd64)
GC Precious Log:
 CardTable entry size: 512
 Card Set container configuration: InlinePtr #cards 5 size 8 Array Of Cards #cards 12 size 40 Howl #buckets 4 coarsen threshold 1843 Howl Bitmap #cards 512 size 80 coarsen threshold 460 Card regions per heap region 1 cards per card region 2048
 CPUs: 4 total, 4 available
 Memory: 6094M
 Large Page Support: Disabled
 NUMA Support: Disabled
 Compressed Oops: Enabled (32-bit)
 Heap Region Size: 1M
 Heap Min Capacity: 8M
 Heap Initial Capacity: 96M
 Heap Max Capacity: 2G
 Pre-touch: Disabled
 Parallel Workers: 4
 Concurrent Workers: 1
 Concurrent Refinement Workers: 4
 Periodic GC: Disabled
Heap:
 garbage-first heap   total 137216K, used 82266K [0x0000000080000000, 0x0000000100000000)
  region size 1024K, 3 young (3072K), 3 survivors (3072K)
 Metaspace       used 93483K, committed 95488K, reserved 1179648K
  class space    used 13056K, committed 14016K, reserved 1048576K
GC Heap History (20 events):
Event: 42.941 GC heap after
{Heap after GC invocations=31 (full 0):
 garbage-first heap   total 109568K, used 54109K [0x0000000080000000, 0x0000000100000000)
  region size 1024K, 4 young (4096K), 4 survivors (4096K)
 Metaspace       used 72749K, committed 74432K, reserved 1114112K
  class space    used 10209K, committed 11008K, reserved 1048576K
}
Event: 43.792 GC heap before
{Heap before GC invocations=31 (full 0):
 garbage-first heap   total 109568K, used 96093K [0x0000000080000000, 0x0000000100000000)
  region size 1024K, 46 young (47104K), 4 survivors (4096K)
 Metaspace       used 73125K, committed 74816K, reserved 1114112K
  class space    used 10263K, committed 11072K, reserved 1048576K
}
Event: 43.805 GC heap after
{Heap after GC invocations=32 (full 0):
 garbage-first heap   total 109568K, used 56875K [0x0000000080000000, 0x0000000100000000)
  region size 1024K, 6 young (6144K), 6 survivors (6144K)
 Metaspace       used 73125K, committed 74816K, reserved 1114112K
  class space    used 10263K, committed 11072K, reserved 1048576K
}
Event: 43.860 GC heap before
{Heap before GC invocations=32 (full 0):
 garbage-first heap   total 109568K, used 57899K [0x0000000080000000, 0x0000000100000000)
  region size 1024K, 8 young (8192K), 6 survivors (6144K)
 Metaspace       used 73162K, committed 74816K, reserved 1114112K
  class space    used 10265K, committed 11072K, reserved 1048576K
}
Event: 43.868 GC heap after
{Heap after GC invocations=33 (full 0):
 garbage-first heap   total 109568K, used 57262K [0x0000000080000000, 0x0000000100000000)
  region size 1024K, 1 young (1024K), 1 survivors (1024K)
 Metaspace       used 73162K, committed 74816K, reserved 1114112K
  class space    used 10265K, committed 11072K, reserved 1048576K
}
Event: 45.347 GC heap before
{Heap before GC invocations=34 (full 0):
 garbage-first heap   total 109568K, used 103342K [0x0000000080000000, 0x0000000100000000)
  region size 1024K, 40 young (40960K), 1 survivors (1024K)
 Metaspace       used 75740K, committed 77440K, reserved 1179648K
  class space    used 10586K, committed 11392K, reserved 1048576K
}
Event: 45.353 GC heap after
{Heap after GC invocations=35 (full 0):
 garbage-first heap   total 111616K, used 69497K [0x0000000080000000, 0x0000000100000000)
  region size 1024K, 5 young (5120K), 5 survivors (5120K)
 Metaspace       used 75740K, committed 77440K, reserved 1179648K
  class space    used 10586K, committed 11392K, reserved 1048576K
}
Event: 46.270 GC heap before
{Heap before GC invocations=35 (full 0):
 garbage-first heap   total 111616K, used 99193K [0x0000000080000000, 0x0000000100000000)
  region size 1024K, 35 young (35840K), 5 survivors (5120K)
 Metaspace       used 79043K, committed 80832K, reserved 1179648K
  class space    used 10959K, committed 11840K, reserved 1048576K
}
Event: 46.279 GC heap after
{Heap after GC invocations=36 (full 0):
 garbage-first heap   total 111616K, used 69517K [0x0000000080000000, 0x0000000100000000)
  region size 1024K, 1 young (1024K), 1 survivors (1024K)
 Metaspace       used 79043K, committed 80832K, reserved 1179648K
  class space    used 10959K, committed 11840K, reserved 1048576K
}
Event: 47.479 GC heap before
{Heap before GC invocations=36 (full 0):
 garbage-first heap   total 111616K, used 100237K [0x0000000080000000, 0x0000000100000000)
  region size 1024K, 33 young (33792K), 1 survivors (1024K)
 Metaspace       used 83007K, committed 84864K, reserved 1179648K
  class space    used 11547K, committed 12416K, reserved 1048576K
}
Event: 47.485 GC heap after
{Heap after GC invocations=37 (full 0):
 garbage-first heap   total 111616K, used 71984K [0x0000000080000000, 0x0000000100000000)
  region size 1024K, 4 young (4096K), 4 survivors (4096K)
 Metaspace       used 83007K, committed 84864K, reserved 1179648K
  class space    used 11547K, committed 12416K, reserved 1048576K
}
Event: 48.388 GC heap before
{Heap before GC invocations=38 (full 0):
 garbage-first heap   total 121856K, used 104752K [0x0000000080000000, 0x0000000100000000)
  region size 1024K, 31 young (31744K), 4 survivors (4096K)
 Metaspace       used 84185K, committed 86016K, reserved 1179648K
  class space    used 11731K, committed 12608K, reserved 1048576K
}
Event: 48.399 GC heap after
{Heap after GC invocations=39 (full 0):
 garbage-first heap   total 121856K, used 76273K [0x0000000080000000, 0x0000000100000000)
  region size 1024K, 4 young (4096K), 4 survivors (4096K)
 Metaspace       used 84185K, committed 86016K, reserved 1179648K
  class space    used 11731K, committed 12608K, reserved 1048576K
}
Event: 50.350 GC heap before
{Heap before GC invocations=39 (full 0):
 garbage-first heap   total 121856K, used 106993K [0x0000000080000000, 0x0000000100000000)
  region size 1024K, 35 young (35840K), 4 survivors (4096K)
 Metaspace       used 86647K, committed 88576K, reserved 1179648K
  class space    used 12055K, committed 12992K, reserved 1048576K
}
Event: 50.362 GC heap after
{Heap after GC invocations=40 (full 0):
 garbage-first heap   total 121856K, used 77196K [0x0000000080000000, 0x0000000100000000)
  region size 1024K, 2 young (2048K), 2 survivors (2048K)
 Metaspace       used 86647K, committed 88576K, reserved 1179648K
  class space    used 12055K, committed 12992K, reserved 1048576K
}
Event: 52.933 GC heap before
{Heap before GC invocations=40 (full 0):
 garbage-first heap   total 121856K, used 107916K [0x0000000080000000, 0x0000000100000000)
  region size 1024K, 33 young (33792K), 2 survivors (2048K)
 Metaspace       used 88423K, committed 90304K, reserved 1179648K
  class space    used 12277K, committed 13184K, reserved 1048576K
}
Event: 52.946 GC heap after
{Heap after GC invocations=41 (full 0):
 garbage-first heap   total 121856K, used 81113K [0x0000000080000000, 0x0000000100000000)
  region size 1024K, 5 young (5120K), 5 survivors (5120K)
 Metaspace       used 88423K, committed 90304K, reserved 1179648K
  class space    used 12277K, committed 13184K, reserved 1048576K
}
Event: 54.224 GC heap before
{Heap before GC invocations=42 (full 0):
 garbage-first heap   total 137216K, used 106713K [0x0000000080000000, 0x0000000100000000)
  region size 1024K, 31 young (31744K), 5 survivors (5120K)
 Metaspace       used 90539K, committed 92480K, reserved 1179648K
  class space    used 12569K, committed 13504K, reserved 1048576K
}
Event: 54.235 GC heap after
{Heap after GC invocations=43 (full 0):
 garbage-first heap   total 137216K, used 82769K [0x0000000080000000, 0x0000000100000000)
  region size 1024K, 2 young (2048K), 2 survivors (2048K)
 Metaspace       used 90539K, committed 92480K, reserved 1179648K
  class space    used 12569K, committed 13504K, reserved 1048576K
}
Event: 55.659 GC heap before
{Heap before GC invocations=43 (full 0):
 garbage-first heap   total 137216K, used 121681K [0x0000000080000000, 0x0000000100000000)
  region size 1024K, 39 young (39936K), 2 survivors (2048K)
 Metaspace       used 93483K, committed 95488K, reserved 1179648K
  class space    used 13056K, committed 14016K, reserved 1048576K
}

